  SceneManager.cpp
c:\users\atents\downloads\0908\0908\musicgame\rythmgame\rythmgame\scene.h(7): warning C4099: 'Scene': 처음에는 'struct'을(를) 사용하여 형식 이름을 표시했는데 이제는 'class'을(를) 사용하여 표시합니다.
  c:\users\atents\downloads\0908\0908\musicgame\rythmgame\rythmgame\scene.h(7): note: 'Scene' 선언을 참조하십시오.
  코드를 생성하고 있습니다...
  컴파일하고 있습니다...
  GameScene.cpp
c:\users\atents\downloads\0908\0908\musicgame\rythmgame\rythmgame\gamescene.cpp(64): warning C4244: '=': 'double'에서 'float'(으)로 변환하면서 데이터가 손실될 수 있습니다.
c:\users\atents\downloads\0908\0908\musicgame\rythmgame\rythmgame\gamescene.cpp(73): warning C4244: '초기화 중': 'float'에서 'int'(으)로 변환하면서 데이터가 손실될 수 있습니다.
c:\users\atents\downloads\0908\0908\musicgame\rythmgame\rythmgame\gamescene.cpp(98): warning C4244: '인수': 'float'에서 'int'(으)로 변환하면서 데이터가 손실될 수 있습니다.
c:\users\atents\downloads\0908\0908\musicgame\rythmgame\rythmgame\gamescene.cpp(30): warning C4996: 'sprintf': This function or variable may be unsafe. Consider using sprintf_s instead. To disable deprecation, use _CRT_SECURE_NO_WARNINGS. See online help for details.
  c:\program files (x86)\windows kits\10\include\10.0.15063.0\ucrt\stdio.h(1772): note: 'sprintf' 선언을 참조하십시오.
c:\users\atents\downloads\0908\0908\musicgame\rythmgame\rythmgame\gamescene.cpp(31): warning C4996: 'fopen': This function or variable may be unsafe. Consider using fopen_s instead. To disable deprecation, use _CRT_SECURE_NO_WARNINGS. See online help for details.
  c:\program files (x86)\windows kits\10\include\10.0.15063.0\ucrt\stdio.h(207): note: 'fopen' 선언을 참조하십시오.
c:\users\atents\downloads\0908\0908\musicgame\rythmgame\rythmgame\gamescene.cpp(50): warning C4996: 'strtok': This function or variable may be unsafe. Consider using strtok_s instead. To disable deprecation, use _CRT_SECURE_NO_WARNINGS. See online help for details.
  c:\program files (x86)\windows kits\10\include\10.0.15063.0\ucrt\string.h(439): note: 'strtok' 선언을 참조하십시오.
c:\users\atents\downloads\0908\0908\musicgame\rythmgame\rythmgame\gamescene.cpp(53): warning C4996: 'strtok': This function or variable may be unsafe. Consider using strtok_s instead. To disable deprecation, use _CRT_SECURE_NO_WARNINGS. See online help for details.
  c:\program files (x86)\windows kits\10\include\10.0.15063.0\ucrt\string.h(439): note: 'strtok' 선언을 참조하십시오.
c:\users\atents\downloads\0908\0908\musicgame\rythmgame\rythmgame\gamescene.cpp(54): warning C4996: 'strcpy': This function or variable may be unsafe. Consider using strcpy_s instead. To disable deprecation, use _CRT_SECURE_NO_WARNINGS. See online help for details.
  c:\program files (x86)\windows kits\10\include\10.0.15063.0\ucrt\string.h(136): note: 'strcpy' 선언을 참조하십시오.
c:\users\atents\downloads\0908\0908\musicgame\rythmgame\rythmgame\gamescene.cpp(58): warning C4996: 'strtok': This function or variable may be unsafe. Consider using strtok_s instead. To disable deprecation, use _CRT_SECURE_NO_WARNINGS. See online help for details.
  c:\program files (x86)\windows kits\10\include\10.0.15063.0\ucrt\string.h(439): note: 'strtok' 선언을 참조하십시오.
c:\users\atents\downloads\0908\0908\musicgame\rythmgame\rythmgame\gamescene.cpp(59): warning C4996: 'strcpy': This function or variable may be unsafe. Consider using strcpy_s instead. To disable deprecation, use _CRT_SECURE_NO_WARNINGS. See online help for details.
  c:\program files (x86)\windows kits\10\include\10.0.15063.0\ucrt\string.h(136): note: 'strcpy' 선언을 참조하십시오.
c:\users\atents\downloads\0908\0908\musicgame\rythmgame\rythmgame\gamescene.cpp(63): warning C4996: 'strtok': This function or variable may be unsafe. Consider using strtok_s instead. To disable deprecation, use _CRT_SECURE_NO_WARNINGS. See online help for details.
  c:\program files (x86)\windows kits\10\include\10.0.15063.0\ucrt\string.h(439): note: 'strtok' 선언을 참조하십시오.
c:\users\atents\downloads\0908\0908\musicgame\rythmgame\rythmgame\gamescene.cpp(100): warning C4996: 'sprintf': This function or variable may be unsafe. Consider using sprintf_s instead. To disable deprecation, use _CRT_SECURE_NO_WARNINGS. See online help for details.
  c:\program files (x86)\windows kits\10\include\10.0.15063.0\ucrt\stdio.h(1772): note: 'sprintf' 선언을 참조하십시오.
c:\users\atents\downloads\0908\0908\musicgame\rythmgame\rythmgame\gamescene.cpp(107): warning C4996: 'sprintf': This function or variable may be unsafe. Consider using sprintf_s instead. To disable deprecation, use _CRT_SECURE_NO_WARNINGS. See online help for details.
  c:\program files (x86)\windows kits\10\include\10.0.15063.0\ucrt\stdio.h(1772): note: 'sprintf' 선언을 참조하십시오.
  코드를 생성하고 있습니다...
  건너뛰고 있습니다... (관련된 변경 내용 없음)
  main.cpp
  RythmGame.vcxproj -> C:\Users\atents\Downloads\0908\0908\musicgame\RythmGame\Debug\RythmGame.exe
  RythmGame.vcxproj -> C:\Users\atents\Downloads\0908\0908\musicgame\RythmGame\Debug\RythmGame.pdb (Partial PDB)
